<?xml version="1.0" encoding="UTF-8"?>
<!-- Generated by org.testng.reporters.JUnitXMLReporter -->
<testsuite ignored="0" hostname="LAPTOP-6ELIUE8F" failures="1" tests="2" name="FunctionalTest" time="6.171" errors="0" timestamp="2022-05-03T02:34:19 IST">
  <testcase classname="TestNGParallelTests" name="searchText" time="5.955">
    <failure type="java.lang.AssertionError" message="expected [true] but found [false]">
      <![CDATA[java.lang.AssertionError: expected [true] but found [false]
at TestNGParallelTests.searchText(TestNGParallelTests.java:29)
at java.base/java.util.concurrent.ThreadPoolExecutor.runWorker(ThreadPoolExecutor.java:1130)
at java.base/java.util.concurrent.ThreadPoolExecutor$Worker.run(ThreadPoolExecutor.java:630)
at java.base/java.lang.Thread.run(Thread.java:832)
... Removed 16 stack frames]]>
    </failure>
  </testcase> <!-- searchText -->
  <testcase classname="TestNGParallelTests" name="calcTest" time="6.148"/>
</testsuite> <!-- FunctionalTest -->
